-------------------------------------------------------------------------------
Test set: com.example.robot.commands.CommandsTest
-------------------------------------------------------------------------------
Tests run: 59, Failures: 15, Errors: 0, Skipped: 0, Time elapsed: 0.384 s <<< FAILURE! - in com.example.robot.commands.CommandsTest
testOperation{String, String}[1]  Time elapsed: 0.066 s  <<< FAILURE!
org.opentest4j.AssertionFailedError: expected: <0,1,NORTH> but was: <0,0,NORTH>
	at com.example.robot.commands.CommandsTest.testOperation(CommandsTest.java:37)

testOperation{String, String}[3]  Time elapsed: 0 s  <<< FAILURE!
org.opentest4j.AssertionFailedError: expected: <3,3,NORTH> but was: <1,2,NORTH>
	at com.example.robot.commands.CommandsTest.testOperation(CommandsTest.java:37)

testOperation{String, String}[20]  Time elapsed: 0.001 s  <<< FAILURE!
org.opentest4j.AssertionFailedError: expected: <2,3,EAST> but was: <1,3,EAST>
	at com.example.robot.commands.CommandsTest.testOperation(CommandsTest.java:37)

testOperation{String, String}[21]  Time elapsed: 0.002 s  <<< FAILURE!
org.opentest4j.AssertionFailedError: expected: <2,1,WEST> but was: <3,1,WEST>
	at com.example.robot.commands.CommandsTest.testOperation(CommandsTest.java:37)

testOperation{String, String}[22]  Time elapsed: 0 s  <<< FAILURE!
org.opentest4j.AssertionFailedError: expected: <0,4,NORTH> but was: <0,3,NORTH>
	at com.example.robot.commands.CommandsTest.testOperation(CommandsTest.java:37)

testOperation{String, String}[23]  Time elapsed: 0.002 s  <<< FAILURE!
org.opentest4j.AssertionFailedError: expected: <4,3,SOUTH> but was: <4,4,SOUTH>
	at com.example.robot.commands.CommandsTest.testOperation(CommandsTest.java:37)

testOperation{String, String}[24]  Time elapsed: 0.002 s  <<< FAILURE!
org.opentest4j.AssertionFailedError: expected: <3,3,EAST> but was: <1,3,EAST>
	at com.example.robot.commands.CommandsTest.testOperation(CommandsTest.java:37)

testOperation{String, String}[25]  Time elapsed: 0.003 s  <<< FAILURE!
org.opentest4j.AssertionFailedError: expected: <1,1,WEST> but was: <3,1,WEST>
	at com.example.robot.commands.CommandsTest.testOperation(CommandsTest.java:37)

testOperation{String, String}[26]  Time elapsed: 0.002 s  <<< FAILURE!
org.opentest4j.AssertionFailedError: expected: <0,4,NORTH> but was: <0,2,NORTH>
	at com.example.robot.commands.CommandsTest.testOperation(CommandsTest.java:37)

testOperation{String, String}[27]  Time elapsed: 0.002 s  <<< FAILURE!
org.opentest4j.AssertionFailedError: expected: <4,2,SOUTH> but was: <4,4,SOUTH>
	at com.example.robot.commands.CommandsTest.testOperation(CommandsTest.java:37)

testOperation{String, String}[52]  Time elapsed: 0.002 s  <<< FAILURE!
org.opentest4j.AssertionFailedError: expected: <4,1,EAST> but was: <3,1,EAST>
	at com.example.robot.commands.CommandsTest.testOperation(CommandsTest.java:37)

testOperation{String, String}[53]  Time elapsed: 0.003 s  <<< FAILURE!
org.opentest4j.AssertionFailedError: expected: <3,4,NORTH> but was: <3,3,NORTH>
	at com.example.robot.commands.CommandsTest.testOperation(CommandsTest.java:37)

testOperation{String, String}[54]  Time elapsed: 0.01 s  <<< FAILURE!
org.opentest4j.AssertionFailedError: expected: <0,3,NORTH> but was: <1,3,WEST>
	at com.example.robot.commands.CommandsTest.testOperation(CommandsTest.java:37)

testOperation{String, String}[55]  Time elapsed: 0 s  <<< FAILURE!
org.opentest4j.AssertionFailedError: expected: <1,0,SOUTH> but was: <1,1,SOUTH>
	at com.example.robot.commands.CommandsTest.testOperation(CommandsTest.java:37)

testOperation{String, String}[59]  Time elapsed: 0 s  <<< FAILURE!
org.opentest4j.AssertionFailedError: expected: <Please use PLACE command to begin> but was: <0,0,null>
	at com.example.robot.commands.CommandsTest.testOperation(CommandsTest.java:37)

