-------------------------------------------------------------------------------
Test set: com.example.robot.ApplicationTest
-------------------------------------------------------------------------------
Tests run: 6, Failures: 3, Errors: 0, Skipped: 0, Time elapsed: 0.261 s <<< FAILURE! - in com.example.robot.ApplicationTest
testUserInputValidSelection  Time elapsed: 0.089 s  <<< FAILURE!
org.opentest4j.AssertionFailedError: 
	at com.example.robot.ApplicationTest.testUserInputValidSelection(ApplicationTest.java:18)

testUserInputInvalidText  Time elapsed: 0 s  <<< FAILURE!
org.opentest4j.AssertionFailedError: 
	at com.example.robot.ApplicationTest.testUserInputInvalidText(ApplicationTest.java:27)

testUserInputInvalidSelection  Time elapsed: 0 s  <<< FAILURE!
org.opentest4j.AssertionFailedError: 
	at com.example.robot.ApplicationTest.testUserInputInvalidSelection(ApplicationTest.java:36)

