<?xml version="1.0" encoding="UTF-8"?>
<testsuite xmlns:xsi="http://www.w3.org/2001/XMLSchema-instance" xsi:noNamespaceSchemaLocation="https://maven.apache.org/surefire/maven-surefire-plugin/xsd/surefire-test-report.xsd" name="com.example.robot.commands.FallRobotTest" time="0.017" tests="12" errors="0" skipped="0" failures="0">
  <properties>
[...]
</properties>
  <testcase name="testOperation{String, String}[1]" classname="com.example.robot.commands.FallRobotTest" time="0"/>
  <testcase name="testOperation{String, String}[2]" classname="com.example.robot.commands.FallRobotTest" time="0.001"/>
  <testcase name="testOperation{String, String}[3]" classname="com.example.robot.commands.FallRobotTest" time="0"/>
  <testcase name="testOperation{String, String}[4]" classname="com.example.robot.commands.FallRobotTest" time="0"/>
  <testcase name="testOperation{String, String}[5]" classname="com.example.robot.commands.FallRobotTest" time="0"/>
  <testcase name="testOperation{String, String}[6]" classname="com.example.robot.commands.FallRobotTest" time="0"/>
  <testcase name="testOperation{String, String}[7]" classname="com.example.robot.commands.FallRobotTest" time="0"/>
  <testcase name="testOperation{String, String}[8]" classname="com.example.robot.commands.FallRobotTest" time="0"/>
  <testcase name="testOperation{String, String}[9]" classname="com.example.robot.commands.FallRobotTest" time="0"/>
  <testcase name="testOperation{String, String}[10]" classname="com.example.robot.commands.FallRobotTest" time="0.002"/>
  <testcase name="testOperation{String, String}[11]" classname="com.example.robot.commands.FallRobotTest" time="0.003"/>
  <testcase name="testOperation{String, String}[12]" classname="com.example.robot.commands.FallRobotTest" time="0.002"/>
</testsuite>