<?xml version="1.0" encoding="UTF-8"?>
<testsuite xmlns:xsi="http://www.w3.org/2001/XMLSchema-instance" xsi:noNamespaceSchemaLocation="https://maven.apache.org/surefire/maven-surefire-plugin/xsd/surefire-test-report.xsd" name="com.example.robot.system.ApplicationFileInputHandlerTest" time="0.995" tests="4" errors="0" skipped="0" failures="0">
  <properties>
[...]
</properties>
  <testcase name="testUserInputFileInvalidOption" classname="com.example.robot.system.ApplicationFileInputHandlerTest" time="0.82"/>
  <testcase name="testUserInputFileInvalid" classname="com.example.robot.system.ApplicationFileInputHandlerTest" time="0.033"/>
  <testcase name="testUserInputFile" classname="com.example.robot.system.ApplicationFileInputHandlerTest" time="0.114"/>
  <testcase name="testApplicationLaunch" classname="com.example.robot.system.ApplicationFileInputHandlerTest" time="0.027"/>
</testsuite>